[36mvite v8.0.1 [32mbuilding client environment for production...[36m[39m
[2Ktransforming...✓ 2134 modules transformed.
[31m✗[39m Build failed in 901ms
[31merror during build:
[31mBuild failed with 1 error:

[plugin vite:css] C:/Users/sanus/Downloads/Web/src/index.css:10:2
CssSyntaxError: [postcss] C:/Users/sanus/Downloads/Web/src/index.css:10:3: You cannot `@apply` the `font-display` utility here because it creates a circular dependency.
    at Input.error (C:\Users\sanus\Downloads\Web\node_modules\postcss\lib\input.js:135:16)
    at Rule.error (C:\Users\sanus\Downloads\Web\node_modules\postcss\lib\node.js:146:32)
    at processApply (C:\Users\sanus\Downloads\Web\node_modules\tailwindcss\lib\lib\expandApplyAtRules.js:443:32)
    at C:\Users\sanus\Downloads\Web\node_modules\tailwindcss\lib\lib\expandApplyAtRules.js:551:9
    at C:\Users\sanus\Downloads\Web\node_modules\tailwindcss\lib\processTailwindFeatures.js:55:50
    at async plugins (C:\Users\sanus\Downloads\Web\node_modules\tailwindcss\lib\plugin.js:38:17)
    at async LazyResult.runAsync (C:\Users\sanus\Downloads\Web\node_modules\postcss\lib\lazy-result.js:293:11)
    at async runPostCSS (file:///C:/Users/sanus/Downloads/Web/node_modules/vite/dist/node/chunks/node.js:20932:19)
    at async compilePostCSS (file:///C:/Users/sanus/Downloads/Web/node_modules/vite/dist/node/chunks/node.js:20916:6)
    at async compileCSS (file:///C:/Users/sanus/Downloads/Web/node_modules/vite/dist/node/chunks/node.js:20846:26)[31m
    at aggregateBindingErrorsIntoJsError (file:///C:/Users/sanus/Downloads/Web/node_modules/rolldown/dist/shared/error-BO4SlZV_.mjs:48:18)
    at unwrapBindingResult (file:///C:/Users/sanus/Downloads/Web/node_modules/rolldown/dist/shared/error-BO4SlZV_.mjs:18:128)
    at #build (file:///C:/Users/sanus/Downloads/Web/node_modules/rolldown/dist/shared/rolldown-build-yQC7KN8K.mjs:3311:34)
    at async buildEnvironment (file:///C:/Users/sanus/Downloads/Web/node_modules/vite/dist/node/chunks/node.js:32817:64)
    at async Object.build (file:///C:/Users/sanus/Downloads/Web/node_modules/vite/dist/node/chunks/node.js:33239:19)
    at async Object.buildApp (file:///C:/Users/sanus/Downloads/Web/node_modules/vite/dist/node/chunks/node.js:33236:153)
    at async CAC.<anonymous> (file:///C:/Users/sanus/Downloads/Web/node_modules/vite/dist/node/cli.js:778:3) {
  errors: [Getter/Setter]
}[39m
